<?xml version="1.0" encoding="GBK" standalone="no"?>
<!DOCTYPE log SYSTEM "logger.dtd">
<log>
<record>
  <date>2019-05-02T07:52:20.679854200Z</date>
  <millis>1556783540679</millis>
  <nanos>854200</nanos>
  <sequence>5</sequence>
  <logger>ESPlorer.ESPlorer</logger>
  <level>INFO</level>
  <class>ESPlorer.ESPlorer</class>
  <method>log</method>
  <thread>17</thread>
  <message>Load saved settings: Firmware:NodeMCU</message>
</record>
<record>
  <date>2019-05-02T07:52:20.714409300Z</date>
  <millis>1556783540714</millis>
  <nanos>409300</nanos>
  <sequence>6</sequence>
  <logger>ESPlorer.ESPlorer</logger>
  <level>INFO</level>
  <class>ESPlorer.ESPlorer</class>
  <method>log</method>
  <thread>17</thread>
  <message>Snippets: loading...</message>
</record>
<record>
  <date>2019-05-02T07:52:20.833131100Z</date>
  <millis>1556783540833</millis>
  <nanos>131100</nanos>
  <sequence>7</sequence>
  <logger>ESPlorer.ESPlorer</logger>
  <level>INFO</level>
  <class>ESPlorer.ESPlorer</class>
  <method>log</method>
  <thread>17</thread>
  <message>Snippets load: Success.</message>
</record>
<record>
  <date>2019-05-02T07:52:20.932823500Z</date>
  <millis>1556783540932</millis>
  <nanos>823500</nanos>
  <sequence>8</sequence>
  <logger>ESPlorer.ESPlorer</logger>
  <level>INFO</level>
  <class>ESPlorer.ESPlorer</class>
  <method>log</method>
  <thread>17</thread>
  <message>Set new color theme: Success.</message>
</record>
<record>
  <date>2019-05-02T07:52:20.948780400Z</date>
  <millis>1556783540948</millis>
  <nanos>780400</nanos>
  <sequence>9</sequence>
  <logger>ESPlorer.ESPlorer</logger>
  <level>INFO</level>
  <class>ESPlorer.ESPlorer</class>
  <method>log</method>
  <thread>17</thread>
  <message>Load saved settings: DONE.</message>
</record>
<record>
  <date>2019-05-02T07:52:20.950931100Z</date>
  <millis>1556783540950</millis>
  <nanos>931100</nanos>
  <sequence>10</sequence>
  <logger>ESPlorer.ESPlorer</logger>
  <level>INFO</level>
  <class>ESPlorer.ESPlorer</class>
  <method>log</method>
  <thread>17</thread>
  <message>Snippets: loading...</message>
</record>
<record>
  <date>2019-05-02T07:52:20.955762600Z</date>
  <millis>1556783540955</millis>
  <nanos>762600</nanos>
  <sequence>11</sequence>
  <logger>ESPlorer.ESPlorer</logger>
  <level>INFO</level>
  <class>ESPlorer.ESPlorer</class>
  <method>log</method>
  <thread>17</thread>
  <message>Snippets load: Success.</message>
</record>
<record>
  <date>2019-05-02T07:52:21.254962600Z</date>
  <millis>1556783541254</millis>
  <nanos>962600</nanos>
  <sequence>12</sequence>
  <logger>ESPlorer.ESPlorer</logger>
  <level>INFO</level>
  <class>ESPlorer.ESPlorer</class>
  <method>log</method>
  <thread>17</thread>
  <message>Scan system...</message>
</record>
<record>
  <date>2019-05-02T07:52:21.265273300Z</date>
  <millis>1556783541265</millis>
  <nanos>273300</nanos>
  <sequence>13</sequence>
  <logger>ESPlorer.ESPlorer</logger>
  <level>INFO</level>
  <class>ESPlorer.ESPlorer</class>
  <method>log</method>
  <thread>17</thread>
  <message>Could not find any serial port. Please, connect device and ReScan</message>
</record>
<record>
  <date>2019-05-02T07:52:21.267928800Z</date>
  <millis>1556783541267</millis>
  <nanos>928800</nanos>
  <sequence>14</sequence>
  <logger>ESPlorer.ESPlorer</logger>
  <level>INFO</level>
  <class>ESPlorer.ESPlorer</class>
  <method>log</method>
  <thread>17</thread>
  <message>Scan done.</message>
</record>
<record>
  <date>2019-05-02T07:52:42.967847500Z</date>
  <millis>1556783562967</millis>
  <nanos>847500</nanos>
  <sequence>15</sequence>
  <logger>ESPlorer.ESPlorer</logger>
  <level>INFO</level>
  <class>ESPlorer.ESPlorer</class>
  <method>log</method>
  <thread>17</thread>
  <message>FileTab cleared: Success.</message>
</record>
<record>
  <date>2019-05-02T07:52:42.969375500Z</date>
  <millis>1556783562969</millis>
  <nanos>375500</nanos>
  <sequence>16</sequence>
  <logger>ESPlorer.ESPlorer</logger>
  <level>INFO</level>
  <class>ESPlorer.ESPlorer</class>
  <method>log</method>
  <thread>17</thread>
  <message>File close: Success.</message>
</record>
</log>
